  Activating project at `~/Projects/acorn-julia-mini`
Run parameters:
  run_name: test_run
  Busprop file: boyuan
  Genprop file: boyuan
  Branchprop file: boyuan
  Sim years: [2021, 2025]
  Exclude external zones: 1
  Include new HVDC: 0
  Save name: nyiso_only
Now running year 2021...
  [1/10] Setting up paths...
  [2/10] Reading input files...
  [3/10] Processing bus and branch data...
  [4/10] Adjusting load data...
  [5/10] Adding generators...
  [6/10] Setting up interface limits...
  [7/10] Building optimization model...
    n_gen = 122, n_bus = 46, n_branch = 68, nt = 8759
Set parameter WLSAccessID
Set parameter WLSSecret
Set parameter LicenseID to value 2722641
Academic license 2722641 - for non-commercial use only - registered to ls___@cornell.edu
  [8/10] Adding hydro constraints...
  [9/10] Running optimization...
Gurobi Optimizer version 12.0.3 build v12.0.3rc0 (mac64[arm] - Darwin 24.6.0 24G231)

CPU model: Apple M3 Pro
Thread count: 11 physical cores, 11 logical processors, using up to 11 threads

Academic license 2722641 - for non-commercial use only - registered to ls___@cornell.edu
Optimize a model with 4922548 rows, 6525349 columns and 13802452 nonzeros
Model fingerprint: 0x1d26e47a
Coefficient statistics:
  Matrix range     [9e-01, 2e+04]
  Objective range  [1e+00, 1e+04]
  Bounds range     [2e-04, 1e+05]
  RHS range        [2e-05, 4e+05]
Presolve removed 4476342 rows and 4827912 columns (presolve time = 5s)...
Presolve removed 4476342 rows and 4827912 columns
Presolve time: 5.29s
Presolved: 446206 rows, 1697437 columns, 3421573 nonzeros

Concurrent LP optimizer: primal simplex, dual simplex, and barrier
Showing barrier log only...

Ordering time: 0.26s

Barrier statistics:
 AA' NZ     : 2.484e+06
 Factor NZ  : 8.727e+06 (roughly 1.0 GB of memory)
 Factor Ops : 2.005e+08 (less than 1 second per iteration)
 Threads    : 9

                  Objective                Residual
Iter       Primal          Dual         Primal    Dual     Compl     Time
   0   2.04551610e+15 -9.27687890e+14  1.34e+06 3.81e+05  1.69e+10     6s
   1   1.72467867e+14 -7.89609786e+14  1.15e+05 2.94e-09  1.62e+09     7s
   2   8.44704395e+12 -2.47195795e+14  5.51e+03 5.68e-08  1.32e+08     7s
   3   1.51253384e+12 -3.50699615e+13  8.19e+02 1.24e-07  1.76e+07     7s
   4   6.34320337e+11 -7.80915464e+12  2.18e+02 1.62e-08  3.97e+06     7s
   5   3.47106744e+11 -3.31337658e+12  7.00e+01 6.05e-09  1.42e+06     7s
   6   1.75469103e+11 -1.34008144e+12  1.56e+01 3.73e-09  4.93e+05     7s
   7   1.02743489e+11 -4.80810421e+11  7.00e+00 2.10e-09  1.82e+05     8s
   8   6.02535084e+10 -1.72596296e+11  3.21e+00 1.63e-09  7.07e+04     8s
   9   3.63478275e+10 -5.13684960e+10  1.14e+00 1.86e-09  2.62e+04     8s
  10   2.98707219e+10 -8.09255495e+09  5.96e-01 1.86e-09  1.13e+04     8s
  11   2.59301588e+10  8.34852520e+09  2.62e-01 1.40e-09  5.21e+03     8s
  12   2.51390157e+10  1.28566994e+10  1.99e-01 1.40e-09  3.64e+03     8s
  13   2.41597839e+10  1.54389765e+10  1.20e-01 1.86e-09  2.58e+03     9s
  14   2.34636862e+10  1.78538945e+10  6.78e-02 1.40e-09  1.66e+03     9s
  15   2.32517784e+10  1.92049671e+10  5.34e-02 1.40e-09  1.20e+03     9s
  16   2.31806692e+10  2.02250406e+10  4.87e-02 9.31e-10  8.74e+02     9s
  17   2.27300206e+10  2.08702543e+10  1.96e-02 1.86e-09  5.49e+02     9s
  18   2.25771545e+10  2.12327983e+10  1.12e-02 1.86e-09  3.97e+02     9s
  19   2.24898162e+10  2.18635308e+10  6.93e-03 1.40e-09  1.85e+02    10s
  20   2.23971949e+10  2.20250672e+10  3.04e-03 1.40e-09  1.10e+02    10s
  21   2.23809672e+10  2.21428645e+10  2.47e-03 9.31e-10  7.03e+01    10s
  22   2.23646044e+10  2.21891475e+10  1.94e-03 9.31e-10  5.18e+01    10s
  23   2.23525679e+10  2.22085766e+10  1.56e-03 9.31e-10  4.25e+01    10s
  24   2.23421687e+10  2.22290323e+10  1.25e-03 9.31e-10  3.34e+01    11s
  25   2.23261216e+10  2.22467569e+10  7.76e-04 1.40e-09  2.34e+01    11s
  26   2.23182094e+10  2.22612635e+10  5.53e-04 1.40e-09  1.68e+01    11s
  27   2.23108880e+10  2.22723502e+10  3.52e-04 1.40e-09  1.14e+01    11s
  28   2.23060119e+10  2.22795046e+10  2.20e-04 9.31e-10  7.82e+00    12s
  29   2.23030513e+10  2.22850240e+10  1.43e-04 1.40e-09  5.32e+00    12s
  30   2.23017029e+10  2.22893058e+10  1.08e-04 9.31e-10  3.66e+00    12s
  31   2.23005956e+10  2.22917257e+10  7.98e-05 1.40e-09  2.62e+00    12s
  32   2.23000618e+10  2.22930645e+10  6.65e-05 1.40e-09  2.07e+00    12s
  33   2.22996907e+10  2.22939697e+10  5.76e-05 1.86e-09  1.69e+00    12s
  34   2.22990458e+10  2.22948603e+10  4.22e-05 1.86e-09  1.24e+00    13s
  35   2.22987994e+10  2.22953503e+10  3.62e-05 1.86e-09  1.02e+00    13s
  36   2.22983228e+10  2.22956537e+10  2.50e-05 1.86e-09  7.88e-01    13s
  37   2.22977852e+10  2.22961025e+10  1.23e-05 1.86e-09  4.96e-01    13s
  38   2.22976186e+10  2.22965545e+10  8.32e-06 1.86e-09  3.14e-01    14s
  39   2.22974826e+10  2.22968335e+10  5.11e-06 1.86e-09  1.92e-01    14s
  40   2.22973945e+10  2.22969318e+10  3.13e-06 1.86e-09  1.36e-01    14s
  41   2.22973671e+10  2.22970150e+10  2.46e-06 1.86e-09  1.04e-01    14s
  42   2.22973327e+10  2.22970677e+10  1.68e-06 1.86e-09  7.82e-02    14s
  43   2.22973099e+10  2.22971097e+10  1.18e-06 1.86e-09  5.90e-02    15s
  44   2.22972944e+10  2.22971723e+10  8.33e-07 1.86e-09  3.60e-02    15s
  45   2.22972764e+10  2.22971928e+10  4.65e-07 1.86e-09  2.47e-02    15s
  46   2.22972659e+10  2.22972242e+10  2.39e-07 1.86e-09  1.23e-02    15s
  47   2.22972630e+10  2.22972359e+10  1.80e-07 1.86e-09  8.00e-03    16s
  48   2.22972610e+10  2.22972418e+10  1.41e-07 1.86e-09  5.68e-03    16s
  49   2.22972583e+10  2.22972445e+10  8.96e-08 1.86e-09  4.09e-03    16s
  50   2.22972576e+10  2.22972463e+10  7.50e-08 1.86e-09  3.33e-03    17s
  51   2.22972565e+10  2.22972482e+10  5.29e-08 1.86e-09  2.43e-03    17s
  52   2.22972560e+10  2.22972490e+10  4.41e-08 1.86e-09  2.05e-03    17s
  53   2.22972552e+10  2.22972503e+10  2.90e-08 1.86e-09  1.46e-03    17s
  54   2.22972549e+10  2.22972519e+10  2.33e-08 1.86e-09  8.89e-04    18s
  55   2.22972544e+10  2.22972525e+10  1.47e-08 1.86e-09  5.84e-04    18s
  56   2.22972541e+10  2.22972532e+10  7.79e-09 2.79e-09  2.62e-04    18s
  57   2.22972538e+10  2.22972533e+10  3.97e-09 2.79e-09  1.53e-04    19s
  58   2.22972538e+10  2.22972535e+10  3.03e-09 1.86e-09  9.07e-05    19s
  59   2.22972537e+10  2.22972535e+10  1.97e-09 2.79e-09  6.57e-05    19s

Barrier solved model in 59 iterations and 19.40 seconds (40.51 work units)
Optimal objective 2.22972537e+10

Crossover log...

   29142 DPushes remaining with DInf 0.0000000e+00                20s
    7960 DPushes remaining with DInf 0.0000000e+00                20s
       0 DPushes remaining with DInf 0.0000000e+00                21s

  226260 PPushes remaining with PInf 5.0312192e-02                21s
   34224 PPushes remaining with PInf 1.6095807e-02                25s
     209 PPushes remaining with PInf 0.0000000e+00                30s
       0 PPushes remaining with PInf 0.0000000e+00                30s

  Push phase complete: Pinf 0.0000000e+00, Dinf 2.4283973e+03     30s

Iteration    Objective       Primal Inf.    Dual Inf.      Time
  255405    2.2297254e+10   0.000000e+00   2.428397e+03     31s

Solved with barrier
  255608    2.2297254e+10   0.000000e+00   0.000000e+00     33s

Solved in 255608 iterations and 33.02 seconds (53.42 work units)
Optimal objective  2.229725360e+10

User-callback calls 269275, time in user-callback 0.04 sec
  [10/10] Optimization successful! Saving results...
Now running year 2022...
  [1/10] Setting up paths...
  [2/10] Reading input files...
  [3/10] Processing bus and branch data...
  [4/10] Adjusting load data...
  [5/10] Adding generators...
  [6/10] Setting up interface limits...
  [7/10] Building optimization model...
    n_gen = 122, n_bus = 46, n_branch = 68, nt = 8760
Set parameter WLSAccessID
Set parameter WLSSecret
Set parameter LicenseID to value 2722641
Academic license 2722641 - for non-commercial use only - registered to ls___@cornell.edu
  [8/10] Adding hydro constraints...
  [9/10] Running optimization...
Gurobi Optimizer version 12.0.3 build v12.0.3rc0 (mac64[arm] - Darwin 24.6.0 24G231)

CPU model: Apple M3 Pro
Thread count: 11 physical cores, 11 logical processors, using up to 11 threads

Academic license 2722641 - for non-commercial use only - registered to ls___@cornell.edu
Optimize a model with 4923110 rows, 6526094 columns and 13804026 nonzeros
Model fingerprint: 0x166a1589
Coefficient statistics:
  Matrix range     [9e-01, 2e+04]
  Objective range  [1e+00, 1e+04]
  Bounds range     [4e-06, 1e+05]
  RHS range        [2e-05, 4e+05]
Presolve removed 4479282 rows and 4830352 columns (presolve time = 5s)...
Presolve removed 4479282 rows and 4830352 columns
Presolve time: 5.27s
Presolved: 443828 rows, 1695742 columns, 3415740 nonzeros

Concurrent LP optimizer: primal simplex, dual simplex, and barrier
Showing barrier log only...

Ordering time: 0.26s

Barrier statistics:
 AA' NZ     : 2.474e+06
 Factor NZ  : 8.587e+06 (roughly 1.0 GB of memory)
 Factor Ops : 1.930e+08 (less than 1 second per iteration)
 Threads    : 9

                  Objective                Residual
Iter       Primal          Dual         Primal    Dual     Compl     Time
   0   2.04857139e+15 -9.24960505e+14  1.34e+06 3.81e+05  1.69e+10     6s
   1   1.72704759e+14 -7.87332836e+14  1.15e+05 3.01e-09  1.62e+09     7s
   2   8.45218929e+12 -2.46190905e+14  5.49e+03 6.29e-08  1.31e+08     7s
   3   1.56544370e+12 -3.28460755e+13  8.54e+02 5.87e-08  1.72e+07     7s
   4   6.20463800e+11 -7.76403411e+12  2.10e+02 1.37e-08  3.90e+06     7s
   5   3.36891042e+11 -3.48042366e+12  7.03e+01 4.42e-09  1.48e+06     7s
   6   1.60219683e+11 -1.41445658e+12  1.29e+01 2.10e-09  5.03e+05     8s
   7   8.94143847e+10 -4.29548057e+11  5.37e+00 2.33e-09  1.60e+05     8s
   8   5.47126009e+10 -1.26573174e+11  2.60e+00 2.33e-09  5.48e+04     8s
   9   3.32221575e+10 -2.04611074e+10  9.41e-01 1.86e-09  1.60e+04     8s
  10   2.71961623e+10  4.00160705e+09  5.02e-01 1.86e-09  6.91e+03     8s
  11   2.40014206e+10  1.55435942e+10  2.72e-01 1.40e-09  2.52e+03     9s
  12   2.22060007e+10  1.73825112e+10  1.49e-01 1.40e-09  1.44e+03     9s
  13   2.15167604e+10  1.77453375e+10  1.05e-01 1.40e-09  1.12e+03     9s
  14   2.11072174e+10  1.83613352e+10  7.77e-02 1.40e-09  8.16e+02     9s
  15   2.05340329e+10  1.88828252e+10  4.20e-02 1.40e-09  4.90e+02     9s
  16   2.03955588e+10  1.92134623e+10  3.30e-02 1.40e-09  3.51e+02     9s
  17   2.03325206e+10  1.93950269e+10  2.91e-02 9.31e-10  2.79e+02    10s
  18   2.01990152e+10  1.95186056e+10  2.08e-02 1.40e-09  2.02e+02    10s
  19   2.01597166e+10  1.95751693e+10  1.85e-02 9.31e-10  1.74e+02    10s
  20   2.00210994e+10  1.96470049e+10  1.08e-02 9.31e-10  1.11e+02    10s
  21   1.99669899e+10  1.96992341e+10  7.74e-03 1.40e-09  7.95e+01    11s
  22   1.99382322e+10  1.97372765e+10  6.20e-03 1.40e-09  5.97e+01    11s
  23   1.99311835e+10  1.97556860e+10  5.79e-03 9.31e-10  5.22e+01    11s
  24   1.98997227e+10  1.97716832e+10  4.06e-03 1.40e-09  3.80e+01    12s
  25   1.98902911e+10  1.97782277e+10  3.55e-03 9.31e-10  3.33e+01    12s
  26   1.98716945e+10  1.97920926e+10  2.58e-03 9.31e-10  2.37e+01    12s
  27   1.98623517e+10  1.98032786e+10  2.06e-03 9.31e-10  1.76e+01    13s
  28   1.98538673e+10  1.98086688e+10  1.58e-03 1.40e-09  1.34e+01    13s
  29   1.98496998e+10  1.98119090e+10  1.35e-03 1.40e-09  1.12e+01    14s
  30   1.98452429e+10  1.98163146e+10  1.09e-03 9.31e-10  8.60e+00    14s
  31   1.98399212e+10  1.98191472e+10  7.93e-04 1.40e-09  6.18e+00    14s
  32   1.98358415e+10  1.98213808e+10  5.45e-04 9.31e-10  4.30e+00    15s
  33   1.98340195e+10  1.98229563e+10  4.25e-04 9.31e-10  3.29e+00    15s
  34   1.98330624e+10  1.98245027e+10  3.68e-04 1.40e-09  2.55e+00    16s
  35   1.98312274e+10  1.98249877e+10  2.44e-04 1.40e-09  1.86e+00    16s
  36   1.98299471e+10  1.98262677e+10  1.54e-04 9.31e-10  1.09e+00    16s
  37   1.98290816e+10  1.98266767e+10  9.37e-05 9.31e-10  7.15e-01    17s
  38   1.98286710e+10  1.98270407e+10  6.67e-05 9.31e-10  4.85e-01    17s
  39   1.98284389e+10  1.98272596e+10  4.99e-05 9.31e-10  3.51e-01    17s
  40   1.98283840e+10  1.98273331e+10  4.59e-05 1.40e-09  3.13e-01    18s
  41   1.98282674e+10  1.98274030e+10  3.75e-05 1.40e-09  2.57e-01    18s
  42   1.98282093e+10  1.98274569e+10  3.34e-05 1.40e-09  2.24e-01    18s
  43   1.98281864e+10  1.98274893e+10  3.17e-05 1.40e-09  2.08e-01    18s
  44   1.98281310e+10  1.98275643e+10  2.77e-05 1.40e-09  1.69e-01    18s
  45   1.98280557e+10  1.98275986e+10  2.23e-05 1.40e-09  1.36e-01    19s
  46   1.98280122e+10  1.98276305e+10  1.92e-05 9.31e-10  1.14e-01    19s
  47   1.98279640e+10  1.98276516e+10  1.57e-05 1.40e-09  9.31e-02    19s
  48   1.98279429e+10  1.98276696e+10  1.42e-05 1.40e-09  8.15e-02    19s
  49   1.98279136e+10  1.98276806e+10  1.21e-05 9.31e-10  6.95e-02    19s
  50   1.98279037e+10  1.98276890e+10  1.14e-05 9.31e-10  6.41e-02    20s
  51   1.98278902e+10  1.98276916e+10  1.04e-05 9.31e-10  5.92e-02    20s
  52   1.98278709e+10  1.98276997e+10  9.07e-06 1.40e-09  5.10e-02    20s
  53   1.98278518e+10  1.98277065e+10  7.72e-06 1.40e-09  4.33e-02    20s
  54   1.98278298e+10  1.98277087e+10  6.15e-06 1.40e-09  3.61e-02    20s
  55   1.98278248e+10  1.98277127e+10  5.79e-06 1.40e-09  3.34e-02    20s
  56   1.98278184e+10  1.98277194e+10  5.34e-06 1.40e-09  2.95e-02    21s
  57   1.98278132e+10  1.98277206e+10  4.97e-06 1.40e-09  2.76e-02    21s
  58   1.98278025e+10  1.98277259e+10  4.21e-06 1.40e-09  2.29e-02    21s
  59   1.98277913e+10  1.98277270e+10  3.42e-06 1.40e-09  1.92e-02    21s
  60   1.98277874e+10  1.98277303e+10  3.14e-06 1.40e-09  1.70e-02    21s
  61   1.98277859e+10  1.98277317e+10  3.03e-06 1.40e-09  1.62e-02    22s
  62   1.98277744e+10  1.98277339e+10  2.22e-06 1.40e-09  1.21e-02    22s
  63   1.98277720e+10  1.98277360e+10  2.04e-06 9.31e-10  1.08e-02    22s
  64   1.98277707e+10  1.98277372e+10  1.95e-06 9.31e-10  1.00e-02    22s
  65   1.98277680e+10  1.98277376e+10  1.76e-06 9.31e-10  9.07e-03    23s
  66   1.98277594e+10  1.98277386e+10  1.14e-06 9.31e-10  6.21e-03    23s
  67   1.98277590e+10  1.98277392e+10  1.12e-06 9.31e-10  5.91e-03    23s
  68   1.98277583e+10  1.98277402e+10  1.07e-06 9.31e-10  5.42e-03    23s
  69   1.98277569e+10  1.98277406e+10  9.70e-07 1.40e-09  4.89e-03    24s
  70   1.98277541e+10  1.98277408e+10  7.72e-07 1.40e-09  3.96e-03    24s
  71   1.98277530e+10  1.98277410e+10  6.99e-07 1.40e-09  3.58e-03    24s
  72   1.98277514e+10  1.98277412e+10  5.87e-07 1.86e-09  3.04e-03    24s
  73   1.98277508e+10  1.98277417e+10  5.45e-07 1.40e-09  2.73e-03    25s
  74   1.98277502e+10  1.98277420e+10  5.01e-07 9.31e-10  2.45e-03    25s
  75   1.98277475e+10  1.98277424e+10  3.78e-07 9.31e-10  1.53e-03    26s
  76   1.98277455e+10  1.98277426e+10  2.29e-07 9.31e-10  8.65e-04    27s
  77   1.98277449e+10  1.98277427e+10  1.88e-07 9.31e-10  6.51e-04    27s
  78   1.98277443e+10  1.98277428e+10  1.34e-07 9.31e-10  4.58e-04    28s
  79   1.98277441e+10  1.98277429e+10  1.16e-07 9.31e-10  3.87e-04    28s
  80   1.98277441e+10  1.98277429e+10  1.09e-07 9.31e-10  3.66e-04    28s
  81   1.98277440e+10  1.98277429e+10  1.02e-07 9.31e-10  3.37e-04    29s
  82   1.98277440e+10  1.98277429e+10  9.86e-08 9.31e-10  3.19e-04    29s

Barrier solved model in 82 iterations and 29.29 seconds (54.59 work units)
Optimal objective 1.98277440e+10

Crossover log...

   28787 DPushes remaining with DInf 1.8693743e-03                30s
    7645 DPushes remaining with DInf 0.0000000e+00                30s
       0 DPushes remaining with DInf 0.0000000e+00                31s

  523913 PPushes remaining with PInf 2.2130382e-01                31s
   92847 PPushes remaining with PInf 1.0950730e+00                35s
   17465 PPushes remaining with PInf 3.3896331e-03                40s
       0 PPushes remaining with PInf 0.0000000e+00                42s

  Push phase complete: Pinf 0.0000000e+00, Dinf 3.1098334e+04     43s

Iteration    Objective       Primal Inf.    Dual Inf.      Time
  552703    1.9827743e+10   0.000000e+00   3.109833e+04     43s

Solved with barrier
  553135    1.9827743e+10   0.000000e+00   0.000000e+00     45s

Solved in 553135 iterations and 45.18 seconds (68.27 work units)
Optimal objective  1.982774302e+10

User-callback calls 568209, time in user-callback 0.10 sec
  [10/10] Optimization successful! Saving results...
Now running year 2023...
  [1/10] Setting up paths...
  [2/10] Reading input files...
  [3/10] Processing bus and branch data...
  [4/10] Adjusting load data...
  [5/10] Adding generators...
  [6/10] Setting up interface limits...
  [7/10] Building optimization model...
    n_gen = 122, n_bus = 46, n_branch = 68, nt = 8760
Set parameter WLSAccessID
Set parameter WLSSecret
Set parameter LicenseID to value 2722641
Academic license 2722641 - for non-commercial use only - registered to ls___@cornell.edu
  [8/10] Adding hydro constraints...
  [9/10] Running optimization...
Gurobi Optimizer version 12.0.3 build v12.0.3rc0 (mac64[arm] - Darwin 24.6.0 24G231)

CPU model: Apple M3 Pro
Thread count: 11 physical cores, 11 logical processors, using up to 11 threads

Academic license 2722641 - for non-commercial use only - registered to ls___@cornell.edu
Optimize a model with 4923110 rows, 6526094 columns and 13804026 nonzeros
Model fingerprint: 0xf853c368
Coefficient statistics:
  Matrix range     [9e-01, 2e+04]
  Objective range  [1e+00, 1e+04]
  Bounds range     [4e-05, 1e+05]
  RHS range        [2e-05, 4e+05]
Presolve removed 4478196 rows and 4830851 columns (presolve time = 5s)...
Presolve removed 4478196 rows and 4830851 columns
Presolve time: 5.27s
Presolved: 444914 rows, 1695243 columns, 3416814 nonzeros

Concurrent LP optimizer: primal simplex, dual simplex, and barrier
Showing barrier log only...

Ordering time: 0.26s

Barrier statistics:
 AA' NZ     : 2.479e+06
 Factor NZ  : 8.574e+06 (roughly 1.0 GB of memory)
 Factor Ops : 1.914e+08 (less than 1 second per iteration)
 Threads    : 9

                  Objective                Residual
Iter       Primal          Dual         Primal    Dual     Compl     Time
   0   2.03085103e+15 -9.27643965e+14  1.34e+06 3.81e+05  1.69e+10     6s
   1   1.71212636e+14 -7.89324753e+14  1.15e+05 2.79e-09  1.62e+09     7s
   2   8.36594886e+12 -2.49508884e+14  5.48e+03 6.52e-08  1.32e+08     7s
   3   1.52626173e+12 -3.57931429e+13  8.22e+02 9.50e-08  1.78e+07     7s
   4   7.05518200e+11 -9.10291616e+12  2.52e+02 1.89e-08  4.58e+06     7s
   5   3.85190863e+11 -3.86223936e+12  8.20e+01 6.29e-09  1.67e+06     8s
   6   1.78532569e+11 -1.58621131e+12  1.08e+01 2.44e-09  5.55e+05     8s
   7   1.10873067e+11 -5.94035972e+11  5.08e+00 1.86e-09  2.15e+05     8s
   8   7.48597768e+10 -1.80146241e+11  2.43e+00 1.86e-09  7.69e+04     8s
   9   5.54487900e+10 -2.91095879e+10  1.15e+00 1.86e-09  2.53e+04     8s
  10   4.62272208e+10  1.21411894e+10  5.54e-01 1.86e-09  1.02e+04     9s
  11   4.16722293e+10  2.75417103e+10  2.55e-01 1.86e-09  4.21e+03     9s
  12   3.96725036e+10  3.24731789e+10  1.29e-01 1.40e-09  2.14e+03     9s
  13   3.81351948e+10  3.50964047e+10  3.57e-02 1.40e-09  9.01e+02     9s
  14   3.79203305e+10  3.62399507e+10  2.44e-02 1.40e-09  4.99e+02     9s
  15   3.76289362e+10  3.66873100e+10  1.06e-02 1.40e-09  2.79e+02    10s
  16   3.75826415e+10  3.67881070e+10  8.71e-03 9.31e-10  2.35e+02    10s
  17   3.75660676e+10  3.68492029e+10  8.05e-03 1.40e-09  2.12e+02    10s
  18   3.75522578e+10  3.69684759e+10  7.50e-03 1.40e-09  1.73e+02    10s
  19   3.75420658e+10  3.70244123e+10  7.11e-03 9.31e-10  1.53e+02    10s
  20   3.74495226e+10  3.71314705e+10  3.62e-03 1.40e-09  9.42e+01    11s
  21   3.74183605e+10  3.71912594e+10  2.55e-03 1.40e-09  6.73e+01    11s
  22   3.73943645e+10  3.72219086e+10  1.77e-03 1.40e-09  5.11e+01    11s
  23   3.73899704e+10  3.72300753e+10  1.63e-03 1.40e-09  4.73e+01    12s
  24   3.73717556e+10  3.72620669e+10  1.05e-03 9.31e-10  3.25e+01    12s
  25   3.73639269e+10  3.72818250e+10  8.16e-04 9.31e-10  2.43e+01    12s
  26   3.73615326e+10  3.72963898e+10  7.44e-04 1.40e-09  1.93e+01    13s
  27   3.73593712e+10  3.73048223e+10  6.80e-04 1.40e-09  1.62e+01    13s
  28   3.73502277e+10  3.73125209e+10  4.15e-04 9.31e-10  1.12e+01    14s
  29   3.73467635e+10  3.73209584e+10  3.16e-04 9.31e-10  7.65e+00    14s
  30   3.73440297e+10  3.73237346e+10  2.40e-04 9.31e-10  6.01e+00    14s
  31   3.73407822e+10  3.73273136e+10  1.49e-04 1.40e-09  3.99e+00    15s
  32   3.73397589e+10  3.73294940e+10  1.21e-04 9.31e-10  3.04e+00    15s
  33   3.73385980e+10  3.73313389e+10  8.99e-05 1.86e-09  2.15e+00    15s
  34   3.73375970e+10  3.73325091e+10  6.30e-05 1.86e-09  1.51e+00    16s
  35   3.73369443e+10  3.73331550e+10  4.49e-05 1.86e-09  1.12e+00    16s
  36   3.73365508e+10  3.73339153e+10  3.42e-05 1.86e-09  7.81e-01    17s
  37   3.73360490e+10  3.73344004e+10  2.06e-05 1.86e-09  4.89e-01    17s
  38   3.73356988e+10  3.73347122e+10  1.12e-05 1.86e-09  2.92e-01    17s
  39   3.73355602e+10  3.73348857e+10  7.38e-06 1.86e-09  2.00e-01    18s
  40   3.73355209e+10  3.73350368e+10  6.34e-06 1.86e-09  1.43e-01    18s
  41   3.73354723e+10  3.73350788e+10  5.06e-06 1.86e-09  1.17e-01    18s
  42   3.73354280e+10  3.73351402e+10  3.89e-06 2.79e-09  8.53e-02    18s
  43   3.73353945e+10  3.73351778e+10  3.01e-06 1.86e-09  6.43e-02    19s
  44   3.73353762e+10  3.73351820e+10  2.53e-06 2.79e-09  5.76e-02    19s
  45   3.73353459e+10  3.73352143e+10  1.71e-06 1.86e-09  3.90e-02    19s
  46   3.73353413e+10  3.73352304e+10  1.59e-06 1.86e-09  3.29e-02    19s
  47   3.73353198e+10  3.73352411e+10  1.03e-06 1.86e-09  2.33e-02    20s
  48   3.73353094e+10  3.73352509e+10  7.53e-07 1.86e-09  1.73e-02    20s
  49   3.73353056e+10  3.73352551e+10  6.53e-07 1.86e-09  1.50e-02    20s
  50   3.73352987e+10  3.73352666e+10  4.77e-07 2.79e-09  9.53e-03    21s
  51   3.73352934e+10  3.73352690e+10  3.38e-07 1.86e-09  7.24e-03    21s
  52   3.73352886e+10  3.73352716e+10  2.15e-07 2.79e-09  5.04e-03    21s
  53   3.73352875e+10  3.73352724e+10  1.86e-07 1.86e-09  4.49e-03    21s
  54   3.73352858e+10  3.73352750e+10  1.42e-07 1.86e-09  3.20e-03    22s
  55   3.73352841e+10  3.73352768e+10  1.02e-07 1.86e-09  2.18e-03    22s
  56   3.73352835e+10  3.73352781e+10  8.68e-08 1.86e-09  1.62e-03    22s
  57   3.73352823e+10  3.73352784e+10  5.60e-08 2.79e-09  1.15e-03    23s
  58   3.73352818e+10  3.73352790e+10  4.33e-08 2.79e-09  8.37e-04    23s
  59   3.73352813e+10  3.73352795e+10  3.24e-08 1.86e-09  5.51e-04    23s
  60   3.73352806e+10  3.73352797e+10  1.41e-08 1.86e-09  2.46e-04    23s
  61   3.73352802e+10  3.73352799e+10  5.90e-09 1.86e-09  1.07e-04    24s
  62   3.73352802e+10  3.73352799e+10  3.97e-09 1.86e-09  6.58e-05    24s

Barrier solved model in 62 iterations and 24.43 seconds (43.55 work units)
Optimal objective 3.73352802e+10

Crossover log...

   30322 DPushes remaining with DInf 1.2764129e-04                25s
    8548 DPushes remaining with DInf 1.2954833e-04                25s
       0 DPushes remaining with DInf 4.9017803e-01                26s

  247564 PPushes remaining with PInf 9.0459520e-02                26s
   34388 PPushes remaining with PInf 1.8334092e-02                30s
     415 PPushes remaining with PInf 0.0000000e+00                35s
       0 PPushes remaining with PInf 0.0000000e+00                35s

  Push phase complete: Pinf 0.0000000e+00, Dinf 3.7634217e+03     35s

Iteration    Objective       Primal Inf.    Dual Inf.      Time
  277889    3.7335280e+10   0.000000e+00   3.763422e+03     36s

Solved with barrier
  278104    3.7335280e+10   0.000000e+00   0.000000e+00     38s

Solved in 278104 iterations and 37.86 seconds (56.65 work units)
Optimal objective  3.733527999e+10

User-callback calls 292423, time in user-callback 0.04 sec
  [10/10] Optimization successful! Saving results...
Now running year 2024...
  [1/10] Setting up paths...
  [2/10] Reading input files...
  [3/10] Processing bus and branch data...
  [4/10] Adjusting load data...
  [5/10] Adding generators...
  [6/10] Setting up interface limits...
  [7/10] Building optimization model...
    n_gen = 122, n_bus = 46, n_branch = 68, nt = 8784
Set parameter WLSAccessID
Set parameter WLSSecret
Set parameter LicenseID to value 2722641
Academic license 2722641 - for non-commercial use only - registered to ls___@cornell.edu
  [8/10] Adding hydro constraints...
  [9/10] Running optimization...
Gurobi Optimizer version 12.0.3 build v12.0.3rc0 (mac64[arm] - Darwin 24.6.0 24G231)

CPU model: Apple M3 Pro
Thread count: 11 physical cores, 11 logical processors, using up to 11 threads

Academic license 2722641 - for non-commercial use only - registered to ls___@cornell.edu
Optimize a model with 4936598 rows, 6543974 columns and 13841802 nonzeros
Model fingerprint: 0xac76994b
Coefficient statistics:
  Matrix range     [9e-01, 2e+04]
  Objective range  [1e+00, 1e+04]
  Bounds range     [2e-04, 1e+05]
  RHS range        [2e-05, 4e+05]
Presolve removed 4491449 rows and 4844098 columns (presolve time = 5s)...
Presolve removed 4491449 rows and 4844098 columns
Presolve time: 5.31s
Presolved: 445149 rows, 1699876 columns, 3424428 nonzeros

Concurrent LP optimizer: primal simplex, dual simplex, and barrier
Showing barrier log only...

Ordering time: 0.26s

Barrier statistics:
 AA' NZ     : 2.482e+06
 Factor NZ  : 8.568e+06 (roughly 1.0 GB of memory)
 Factor Ops : 1.905e+08 (less than 1 second per iteration)
 Threads    : 9

                  Objective                Residual
Iter       Primal          Dual         Primal    Dual     Compl     Time
   0   2.04997207e+15 -9.28227739e+14  1.34e+06 3.81e+05  1.69e+10     6s
   1   1.72889842e+14 -7.89901273e+14  1.15e+05 2.79e-09  1.62e+09     7s
   2   8.46168902e+12 -2.49417181e+14  5.50e+03 8.29e-08  1.32e+08     7s
   3   1.52063445e+12 -3.54035148e+13  8.16e+02 7.99e-08  1.77e+07     7s
   4   6.91923535e+11 -8.69083596e+12  2.46e+02 1.25e-08  4.42e+06     7s
   5   3.76755034e+11 -4.16583710e+12  8.19e+01 4.89e-09  1.76e+06     8s
   6   1.72466641e+11 -1.63871422e+12  1.07e+01 1.93e-09  5.67e+05     8s
   7   1.02876530e+11 -5.06660481e+11  5.07e+00 1.86e-09  1.86e+05     8s
   8   6.98593961e+10 -2.29188423e+11  2.72e+00 1.63e-09  9.00e+04     8s
   9   4.69556791e+10 -6.55879728e+10  1.20e+00 1.40e-09  3.35e+04     8s
  10   3.74708440e+10 -1.13985316e+10  5.72e-01 1.40e-09  1.45e+04     9s
  11   3.17395403e+10  1.04909019e+10  1.89e-01 1.40e-09  6.28e+03     9s
  12   3.01538453e+10  1.86496181e+10  8.99e-02 1.40e-09  3.40e+03     9s
  13   2.95644694e+10  2.21582546e+10  5.55e-02 1.40e-09  2.19e+03     9s
  14   2.90036029e+10  2.51245534e+10  2.62e-02 1.40e-09  1.14e+03     9s
  15   2.87799746e+10  2.65235310e+10  1.60e-02 1.40e-09  6.65e+02    10s
  16   2.87291128e+10  2.69357449e+10  1.39e-02 1.40e-09  5.29e+02    10s
  17   2.85047325e+10  2.71760622e+10  5.42e-03 1.40e-09  3.91e+02    10s
  18   2.84544651e+10  2.75912526e+10  3.86e-03 1.40e-09  2.54e+02    10s
  19   2.83888146e+10  2.78910966e+10  2.03e-03 1.86e-09  1.47e+02    10s
  20   2.83678208e+10  2.80364609e+10  1.55e-03 1.86e-09  9.76e+01    11s
  21   2.83414053e+10  2.80741088e+10  9.98e-04 2.79e-09  7.87e+01    11s
  22   2.83274361e+10  2.81329093e+10  7.29e-04 2.79e-09  5.73e+01    11s
  23   2.83147209e+10  2.81846514e+10  5.02e-04 1.86e-09  3.83e+01    11s
  24   2.83060994e+10  2.82109733e+10  3.61e-04 1.86e-09  2.80e+01    12s
  25   2.83011914e+10  2.82295437e+10  2.84e-04 2.79e-09  2.11e+01    12s
  26   2.82943610e+10  2.82450083e+10  1.81e-04 1.86e-09  1.45e+01    12s
  27   2.82904797e+10  2.82599253e+10  1.25e-04 2.79e-09  9.00e+00    13s
  28   2.82874604e+10  2.82672266e+10  8.35e-05 2.79e-09  5.96e+00    13s
  29   2.82850643e+10  2.82710489e+10  5.10e-05 2.79e-09  4.13e+00    14s
  30   2.82838082e+10  2.82742090e+10  3.49e-05 1.86e-09  2.83e+00    14s
  31   2.82832923e+10  2.82752352e+10  2.84e-05 2.79e-09  2.37e+00    14s
  32   2.82829648e+10  2.82766915e+10  2.43e-05 2.79e-09  1.85e+00    14s
  33   2.82827404e+10  2.82776066e+10  2.14e-05 2.79e-09  1.51e+00    14s
  34   2.82825138e+10  2.82782660e+10  1.84e-05 2.79e-09  1.25e+00    15s
  35   2.82823604e+10  2.82786702e+10  1.66e-05 1.86e-09  1.09e+00    15s
  36   2.82818548e+10  2.82794563e+10  1.03e-05 1.86e-09  7.07e-01    15s
  37   2.82816690e+10  2.82797842e+10  8.04e-06 1.86e-09  5.55e-01    16s
  38   2.82815533e+10  2.82801842e+10  6.54e-06 1.86e-09  4.03e-01    16s
  39   2.82813801e+10  2.82803825e+10  4.47e-06 2.79e-09  2.94e-01    16s
  40   2.82812515e+10  2.82804976e+10  2.99e-06 2.79e-09  2.22e-01    17s
  41   2.82811886e+10  2.82805958e+10  2.25e-06 2.79e-09  1.75e-01    17s
  42   2.82811384e+10  2.82806662e+10  1.68e-06 2.79e-09  1.39e-01    17s
  43   2.82810972e+10  2.82807468e+10  1.19e-06 1.86e-09  1.03e-01    18s
  44   2.82810691e+10  2.82808000e+10  8.78e-07 2.79e-09  7.93e-02    18s
  45   2.82810456e+10  2.82808718e+10  6.05e-07 2.79e-09  5.12e-02    18s
  46   2.82810343e+10  2.82809136e+10  4.76e-07 3.73e-09  3.56e-02    19s
  47   2.82810163e+10  2.82809296e+10  2.81e-07 3.73e-09  2.55e-02    19s
  48   2.82810065e+10  2.82809454e+10  1.71e-07 3.73e-09  1.80e-02    20s
  49   2.82810040e+10  2.82809600e+10  1.43e-07 3.73e-09  1.30e-02    20s
  50   2.82810016e+10  2.82809670e+10  1.16e-07 3.73e-09  1.02e-02    20s
  51   2.82809984e+10  2.82809750e+10  8.03e-08 3.73e-09  6.90e-03    21s
  52   2.82809979e+10  2.82809796e+10  7.48e-08 5.59e-09  5.38e-03    21s
  53   2.82809957e+10  2.82809837e+10  5.28e-08 3.73e-09  3.53e-03    22s
  54   2.82809926e+10  2.82809865e+10  2.93e-08 3.73e-09  1.80e-03    22s
  55   2.82809915e+10  2.82809879e+10  1.47e-08 3.73e-09  1.06e-03    23s
  56   2.82809911e+10  2.82809887e+10  7.75e-09 3.73e-09  7.20e-04    24s
  57   2.82809908e+10  2.82809893e+10  4.92e-09 3.73e-09  4.43e-04    24s
  58   2.82809906e+10  2.82809896e+10  2.72e-09 3.73e-09  2.96e-04    25s
  59   2.82809905e+10  2.82809899e+10  3.82e-09 3.73e-09  1.78e-04    25s
  60   2.82809904e+10  2.82809902e+10  2.75e-06 3.73e-09  7.50e-05    26s
  61   2.82809903e+10  2.82809903e+10  6.83e-07 3.73e-09  2.30e-05    26s
  62   2.82809903e+10  2.82809903e+10  2.89e-07 3.73e-09  7.84e-06    26s
  63   2.82809903e+10  2.82809903e+10  3.45e-08 5.59e-09  2.56e-06    27s
  64   2.82809903e+10  2.82809903e+10  4.50e-08 1.91e-06  1.11e-06    27s
  65   2.04997207e+15 -9.28227739e+14  1.34e+06 3.81e+05  1.69e+10    28s
  66   1.03761793e+14 -1.43986504e+14  1.05e+05 8.87e+04  3.57e+08    28s
  67   2.18256711e+13 -3.70515771e+13  2.48e+04 1.95e+04  5.71e+07    28s
  68   6.51830621e+12 -8.21093441e+12  9.01e+03 2.84e+03  1.45e+07    28s
  69   2.89007693e+12 -2.90237338e+12  4.77e+03 7.19e+02  5.97e+06    28s
  70   2.10650013e+12 -2.43932044e+12  3.47e+03 5.88e+02  4.44e+06    29s
  71   9.87304707e+11 -2.33042225e+12  1.80e+03 5.58e+02  2.57e+06    29s
  72   3.97691130e+11 -1.13500515e+12  8.22e+02 2.56e+02  1.05e+06    29s
  73   1.58650874e+11 -7.13344048e+11  3.63e+02 1.57e+02  4.86e+05    29s
  74   1.10890799e+11 -4.69955303e+11  2.57e+02 1.03e+02  3.13e+05    30s
  75   8.69850700e+10 -3.21325493e+11  1.99e+02 7.03e+01  2.18e+05    30s
  76   7.55598988e+10 -2.51540859e+11  1.69e+02 5.54e+01  1.73e+05    30s
  77   6.38259763e+10 -1.97564871e+11  1.36e+02 4.40e+01  1.34e+05    30s
  78   5.44253129e+10 -1.34677062e+11  1.09e+02 3.09e+01  9.52e+04    31s
  79   4.44965459e+10 -7.47907340e+10  7.77e+01 1.89e+01  5.86e+04    31s
  80   3.69286572e+10 -3.65391043e+10  5.10e+01 1.14e+01  3.45e+04    31s
  81   3.23588208e+10 -1.32561023e+10  3.04e+01 7.14e+00  1.99e+04    32s
  82   3.08823674e+10  1.65178440e+09  2.15e+01 4.51e+00  1.24e+04    32s
  83   2.96134280e+10  1.01278068e+10  1.20e+01 3.05e+00  7.61e+03    32s
  84   2.92899418e+10  1.40823556e+10  8.78e+00 2.38e+00  5.73e+03    33s
  85   2.90350155e+10  1.66451324e+10  6.01e+00 1.95e+00  4.45e+03    33s
  86   2.88471903e+10  1.97539864e+10  3.77e+00 1.43e+00  3.14e+03    33s
  87   2.87052215e+10  2.27950935e+10  2.11e+00 9.30e-01  1.97e+03    34s
  88   2.86118161e+10  2.56878616e+10  1.28e+00 4.55e-01  9.83e+02    34s
  89   2.85393927e+10  2.68357135e+10  8.59e-01 2.62e-01  5.78e+02    34s
  90   2.84771927e+10  2.75728721e+10  5.70e-01 1.34e-01  3.15e+02    35s
  91   2.84238482e+10  2.77827148e+10  3.61e-01 9.51e-02  2.19e+02    35s
  92   2.84009009e+10  2.79049021e+10  2.92e-01 7.26e-02  1.70e+02    35s
  93   2.83857023e+10  2.80121431e+10  2.45e-01 5.25e-02  1.30e+02    35s
  94   2.83661805e+10  2.80737189e+10  1.89e-01 4.08e-02  1.02e+02    36s
  95   2.83414679e+10  2.81292388e+10  1.23e-01 3.01e-02  7.25e+01    36s
  96   2.83285197e+10  2.81821247e+10  9.28e-02 1.97e-02  5.06e+01    36s
  97   2.83134340e+10  2.82059293e+10  5.89e-02 1.50e-02  3.64e+01    37s
  98   2.83059138e+10  2.82307222e+10  4.39e-02 1.02e-02  2.57e+01    37s
  99   2.82986932e+10  2.82454605e+10  2.99e-02 7.24e-03  1.81e+01    38s
 100   2.82940737e+10  2.82573793e+10  2.15e-02 4.85e-03  1.25e+01    38s
 101   2.82906505e+10  2.82652037e+10  1.56e-02 3.26e-03  8.75e+00    39s
 102   2.82879962e+10  2.82720965e+10  1.13e-02 1.84e-03  5.58e+00    39s
 103   2.82855925e+10  2.82753448e+10  7.35e-03 1.16e-03  3.60e+00    40s
 104   2.82841975e+10  2.82777754e+10  5.12e-03 6.53e-04  2.29e+00    40s
 105   2.82831677e+10  2.82790294e+10  3.48e-03 3.92e-04  1.49e+00    41s
 106   2.82828373e+10  2.82795484e+10  2.98e-03 2.78e-04  1.20e+00    41s
 107   2.82823042e+10  2.82797407e+10  2.12e-03 2.39e-04  9.21e-01    41s
 108   2.82820916e+10  2.82800396e+10  1.78e-03 1.79e-04  7.44e-01    42s
 109   2.82819804e+10  2.82802325e+10  1.60e-03 1.40e-04  6.40e-01    42s
 110   2.82818390e+10  2.82803197e+10  1.38e-03 1.23e-04  5.55e-01    42s
 111   2.82816996e+10  2.82804782e+10  1.16e-03 9.22e-05  4.50e-01    43s
 112   2.82816159e+10  2.82805787e+10  1.02e-03 7.29e-05  3.85e-01    43s
 113   2.82814715e+10  2.82806763e+10  7.85e-04 9.20e-05  2.95e-01    43s
 114   2.82814236e+10  2.82807239e+10  7.06e-04 8.87e-05  2.61e-01    44s
 115   2.82812934e+10  2.82807805e+10  4.94e-04 8.15e-05  1.89e-01    44s
 116   2.82812432e+10  2.82808186e+10  4.14e-04 9.52e-05  1.57e-01    45s
 117   2.82812032e+10  2.82808661e+10  3.48e-04 1.86e-04  1.26e-01    45s
 118   2.82811811e+10  2.82808730e+10  3.12e-04 1.81e-04  1.15e-01    45s
 119   2.82811399e+10  2.82808972e+10  2.48e-04 1.99e-04  9.07e-02    46s
 120   2.82810812e+10  2.82809319e+10  1.55e-04 1.78e-04  5.61e-02    46s
 121   2.82810620e+10  2.82809491e+10  1.24e-04 3.75e-04  4.29e-02    47s
 122   2.82810448e+10  2.82809601e+10  9.44e-05 4.74e-04  3.23e-02    48s
 123   2.82810248e+10  2.82809693e+10  6.21e-05 6.85e-04  2.12e-02    48s
 124   2.82810055e+10  2.82809752e+10  2.81e-05 2.04e-03  1.11e-02    49s
 125   2.82810004e+10  2.82809797e+10  1.89e-05 5.80e-03  7.60e-03    50s
 126   2.82809982e+10  2.82809827e+10  1.48e-05 9.11e-03  5.72e-03    50s
 127   2.82809945e+10  2.82809853e+10  8.00e-06 1.41e-02  3.34e-03    50s
 128   2.82809941e+10  2.82809868e+10  7.26e-06 1.94e-02  2.73e-03    51s
 129   2.82809929e+10  2.82809880e+10  1.57e-05 2.16e-02  1.83e-03    51s

Barrier performed 129 iterations in 51.23 seconds (91.98 work units)
Barrier solve interrupted - model solved by another algorithm


Solved with dual simplex
Iteration    Objective       Primal Inf.    Dual Inf.      Time
  491513    2.8280990e+10   0.000000e+00   0.000000e+00     53s

Solved in 491513 iterations and 53.14 seconds (70.11 work units)
Optimal objective  2.828099032e+10

User-callback calls 6119, time in user-callback 0.01 sec
  [10/10] Optimization successful! Saving results...
Now running year 2025...
  [1/10] Setting up paths...
  [2/10] Reading input files...
  [3/10] Processing bus and branch data...
  [4/10] Adjusting load data...
  [5/10] Adding generators...
  [6/10] Setting up interface limits...
  [7/10] Building optimization model...
    n_gen = 122, n_bus = 46, n_branch = 68, nt = 8760
Set parameter WLSAccessID
Set parameter WLSSecret
Set parameter LicenseID to value 2722641
Academic license 2722641 - for non-commercial use only - registered to ls___@cornell.edu
  [8/10] Adding hydro constraints...
  [9/10] Running optimization...
Gurobi Optimizer version 12.0.3 build v12.0.3rc0 (mac64[arm] - Darwin 24.6.0 24G231)

CPU model: Apple M3 Pro
Thread count: 11 physical cores, 11 logical processors, using up to 11 threads

Academic license 2722641 - for non-commercial use only - registered to ls___@cornell.edu
Optimize a model with 4923110 rows, 6526094 columns and 13804026 nonzeros
Model fingerprint: 0x66cfdd8d
Coefficient statistics:
  Matrix range     [9e-01, 2e+04]
  Objective range  [1e+00, 1e+04]
  Bounds range     [2e-04, 1e+05]
  RHS range        [2e-05, 4e+05]
Presolve removed 4479093 rows and 4830235 columns (presolve time = 5s)...
Presolve removed 4479093 rows and 4830235 columns
Presolve time: 5.28s
Presolved: 444017 rows, 1695859 columns, 3416141 nonzeros

Concurrent LP optimizer: primal simplex, dual simplex, and barrier
Showing barrier log only...

Ordering time: 0.26s

Barrier statistics:
 AA' NZ     : 2.475e+06
 Factor NZ  : 8.553e+06 (roughly 1.0 GB of memory)
 Factor Ops : 1.906e+08 (less than 1 second per iteration)
 Threads    : 9

                  Objective                Residual
Iter       Primal          Dual         Primal    Dual     Compl     Time
   0   2.04878749e+15 -9.25313978e+14  1.34e+06 3.80e+05  1.69e+10     6s
   1   1.72823533e+14 -7.87688951e+14  1.15e+05 2.91e-09  1.62e+09     7s
   2   8.50267421e+12 -2.46368235e+14  5.53e+03 5.77e-08  1.32e+08     7s
   3   1.55978461e+12 -3.33370986e+13  8.47e+02 6.26e-08  1.73e+07     7s
   4   6.00495254e+11 -7.66922491e+12  1.91e+02 1.00e-08  3.74e+06     7s
   5   3.24226097e+11 -3.41503663e+12  5.89e+01 4.66e-09  1.39e+06     8s
   6   1.60976005e+11 -1.32224999e+12  1.10e+01 3.26e-09  4.68e+05     8s
   7   1.01010161e+11 -4.93744741e+11  5.21e+00 1.86e-09  1.82e+05     8s
   8   6.54517727e+10 -2.00318339e+11  2.57e+00 1.86e-09  8.01e+04     8s
   9   4.25061559e+10 -2.00408323e+10  9.44e-01 2.33e-09  1.87e+04     8s
  10   3.56953077e+10  7.21207836e+09  4.79e-01 1.86e-09  8.48e+03     8s
  11   3.11363122e+10  2.00545055e+10  1.75e-01 1.86e-09  3.29e+03     9s
  12   2.98186281e+10  2.36721445e+10  9.25e-02 1.40e-09  1.82e+03     9s
  13   2.91337281e+10  2.60795691e+10  5.24e-02 1.40e-09  9.06e+02     9s
  14   2.88893849e+10  2.67616620e+10  3.89e-02 1.40e-09  6.31e+02     9s
  15   2.86866530e+10  2.73518675e+10  2.81e-02 1.40e-09  3.96e+02     9s
  16   2.85091883e+10  2.74782541e+10  1.93e-02 1.40e-09  3.06e+02    10s
  17   2.84709626e+10  2.76108691e+10  1.74e-02 1.40e-09  2.55e+02    10s
  18   2.82378163e+10  2.77655253e+10  6.49e-03 1.40e-09  1.40e+02    10s
  19   2.81808493e+10  2.78914702e+10  4.13e-03 1.40e-09  8.57e+01    10s
  20   2.81453996e+10  2.79571016e+10  2.69e-03 1.40e-09  5.58e+01    11s
  21   2.81229467e+10  2.79812480e+10  1.84e-03 9.31e-10  4.20e+01    11s
  22   2.81163887e+10  2.80079246e+10  1.59e-03 9.31e-10  3.21e+01    11s
  23   2.81087353e+10  2.80204564e+10  1.31e-03 9.31e-10  2.62e+01    11s
  24   2.81045312e+10  2.80322087e+10  1.16e-03 9.31e-10  2.14e+01    12s
  25   2.80913892e+10  2.80435223e+10  6.88e-04 9.31e-10  1.42e+01    12s
  26   2.80831533e+10  2.80542386e+10  4.00e-04 9.31e-10  8.56e+00    12s
  27   2.80788370e+10  2.80603580e+10  2.55e-04 9.31e-10  5.47e+00    13s
  28   2.80765867e+10  2.80641775e+10  1.81e-04 9.31e-10  3.68e+00    13s
  29   2.80756844e+10  2.80659372e+10  1.50e-04 1.40e-09  2.89e+00    13s
  30   2.80749533e+10  2.80670018e+10  1.26e-04 1.40e-09  2.36e+00    13s
  31   2.80742240e+10  2.80677490e+10  1.02e-04 1.40e-09  1.92e+00    14s
  32   2.80730941e+10  2.80685284e+10  6.48e-05 1.40e-09  1.35e+00    14s
  33   2.80724753e+10  2.80696069e+10  4.48e-05 1.40e-09  8.50e-01    14s
  34   2.80718257e+10  2.80700006e+10  2.45e-05 9.31e-10  5.41e-01    15s
  35   2.80716416e+10  2.80703053e+10  1.87e-05 9.31e-10  3.96e-01    15s
  36   2.80715621e+10  2.80704392e+10  1.62e-05 9.31e-10  3.33e-01    15s
  37   2.80715111e+10  2.80705397e+10  1.46e-05 1.40e-09  2.88e-01    15s
  38   2.80714924e+10  2.80705519e+10  1.40e-05 1.40e-09  2.79e-01    15s
  39   2.80714473e+10  2.80706200e+10  1.25e-05 1.40e-09  2.45e-01    16s
  40   2.80713944e+10  2.80707089e+10  1.09e-05 1.40e-09  2.03e-01    16s
  41   2.80713118e+10  2.80708467e+10  8.32e-06 1.40e-09  1.38e-01    16s
  42   2.80713030e+10  2.80708782e+10  8.09e-06 1.40e-09  1.26e-01    17s
  43   2.80712124e+10  2.80709367e+10  5.17e-06 1.86e-09  8.18e-02    17s
  44   2.80711332e+10  2.80709772e+10  2.64e-06 1.86e-09  4.62e-02    17s
  45   2.80711045e+10  2.80709970e+10  1.74e-06 1.86e-09  3.19e-02    18s
  46   2.80710862e+10  2.80710145e+10  1.12e-06 1.86e-09  2.12e-02    18s
  47   2.80710737e+10  2.80710230e+10  7.10e-07 1.86e-09  1.50e-02    18s
  48   2.80710699e+10  2.80710266e+10  5.85e-07 2.79e-09  1.28e-02    18s
  49   2.80710643e+10  2.80710331e+10  4.02e-07 2.79e-09  9.23e-03    19s
  50   2.80710614e+10  2.80710392e+10  3.10e-07 1.86e-09  6.59e-03    19s
  51   2.80710577e+10  2.80710445e+10  1.90e-07 2.79e-09  3.91e-03    19s
  52   2.80710553e+10  2.80710477e+10  1.14e-07 1.86e-09  2.24e-03    20s
  53   2.80710534e+10  2.80710486e+10  5.75e-08 1.86e-09  1.40e-03    20s
  54   2.80710531e+10  2.80710494e+10  4.89e-08 1.86e-09  1.09e-03    20s
  55   2.80710530e+10  2.80710497e+10  4.67e-08 2.79e-09  9.78e-04    21s
  56   2.80710523e+10  2.80710504e+10  2.75e-08 1.86e-09  5.72e-04    21s
  57   2.80710517e+10  2.80710507e+10  1.08e-08 1.86e-09  3.13e-04    21s
  58   2.80710515e+10  2.80710511e+10  4.12e-09 1.86e-09  1.12e-04    22s
  59   2.80710514e+10  2.80710512e+10  1.81e-09 1.86e-09  7.36e-05    22s

Barrier solved model in 59 iterations and 22.41 seconds (40.25 work units)
Optimal objective 2.80710514e+10

Crossover log...

   28953 DPushes remaining with DInf 0.0000000e+00                23s
       0 DPushes remaining with DInf 0.0000000e+00                24s

  186020 PPushes remaining with PInf 9.4107812e-02                24s
  110494 PPushes remaining with PInf 6.3577655e-02                25s
   17204 PPushes remaining with PInf 4.1522339e-03                30s
       0 PPushes remaining with PInf 0.0000000e+00                33s

  Push phase complete: Pinf 0.0000000e+00, Dinf 1.2553409e+03     33s

Iteration    Objective       Primal Inf.    Dual Inf.      Time
  214976    2.8071051e+10   0.000000e+00   1.255341e+03     33s

Solved with barrier
  215138    2.8071051e+10   0.000000e+00   0.000000e+00     35s

Solved in 215138 iterations and 35.36 seconds (52.47 work units)
Optimal objective  2.807105135e+10

User-callback calls 229514, time in user-callback 0.03 sec
  [10/10] Optimization successful! Saving results...
